<?xml version="1.0" encoding="UTF-8"?>
<!-- Generated by org.testng.reporters.JUnitReportReporter -->
<testsuite hostname="Chandra" failures="0" tests="2" name="test.TC000_Basic" time="0.071" errors="0" timestamp="2024-01-24T10:11:01 IST" skipped="0">
  <testcase classname="test.TC000_Basic" name="titleValidation" time="0.060">
    <system-out>
      <![CDATA[Expected Title = Online Shopping Site India - Shop Online for men, women and kids fashion, home, kitchen, health, sports and more products at ShopClues
Actual Title =Online Shopping Site India - Shop Online for men, women and kids fashion, home, kitchen, health, sports and more products at ShopClues]]>
    </system-out>
  </testcase> <!-- titleValidation -->
  <testcase classname="test.TC000_Basic" name="urlValidation" time="0.011">
    <system-out>
      <![CDATA[Expected URL = https://www.shopclues.com/
Actual URL =https://www.shopclues.com/]]>
    </system-out>
  </testcase> <!-- urlValidation -->
  <system-out>
    <![CDATA[Expected Title = Online Shopping Site India - Shop Online for men, women and kids fashion, home, kitchen, health, sports and more products at ShopClues
Actual Title =Online Shopping Site India - Shop Online for men, women and kids fashion, home, kitchen, health, sports and more products at ShopClues
Expected URL = https://www.shopclues.com/
Actual URL =https://www.shopclues.com/
The first product from the search for Nike Shoes isAcupressure Pain Relief Spring Massager Sleeper Size 9 Number (L Size) and its price is ₹319
The first product from the search for fasttrack watches isEglob Men Black Round Dial Leather Analog Casual Watch and its price is ₹379
The first product from the search for Apple Phones isApple iPhone 13, 128 GB and its price is ₹65510]]>
  </system-out>
</testsuite> <!-- test.TC000_Basic -->
