<?xml version="1.0" encoding="UTF-8"?>
<!-- Generated by org.testng.reporters.JUnitReportReporter -->
<testsuite hostname="Chandra" failures="0" tests="1" name="test.TC003_ResultCount" time="22.182" errors="0" timestamp="2024-01-24T10:26:22 IST" skipped="0">
  <testcase classname="test.TC003_ResultCount" name="searchItem" time="22.182">
    <system-out>
      <![CDATA[Total number of hotels in result is12]]>
    </system-out>
  </testcase> <!-- searchItem -->
  <system-out>
    <![CDATA[Total number of hotels in result is12]]>
  </system-out>
</testsuite> <!-- test.TC003_ResultCount -->
