<?xml version="1.0" encoding="UTF-8"?>
<!-- Generated by org.testng.reporters.JUnitReportReporter -->
<testsuite hostname="Chandra" failures="0" tests="3" name="test.TC002_SearchItem" time="82.170" errors="0" timestamp="2024-01-24T10:11:01 IST" skipped="0">
  <testcase classname="test.TC002_SearchItem" name="searchItem" time="32.631">
    <system-out>
      <![CDATA[The first product from the search for Nike Shoes isAcupressure Pain Relief Spring Massager Sleeper Size 9 Number (L Size) and its price is ₹319]]>
    </system-out>
  </testcase> <!-- searchItem -->
  <testcase classname="test.TC002_SearchItem" name="searchItem2" time="24.712">
    <system-out>
      <![CDATA[The first product from the search for fasttrack watches isEglob Men Black Round Dial Leather Analog Casual Watch and its price is ₹379]]>
    </system-out>
  </testcase> <!-- searchItem2 -->
  <testcase classname="test.TC002_SearchItem" name="searchItem3" time="24.827">
    <system-out>
      <![CDATA[The first product from the search for Apple Phones isApple iPhone 13, 128 GB and its price is ₹65510]]>
    </system-out>
  </testcase> <!-- searchItem3 -->
  <system-out>
    <![CDATA[Expected Title = Online Shopping Site India - Shop Online for men, women and kids fashion, home, kitchen, health, sports and more products at ShopClues
Actual Title =Online Shopping Site India - Shop Online for men, women and kids fashion, home, kitchen, health, sports and more products at ShopClues
Expected URL = https://www.shopclues.com/
Actual URL =https://www.shopclues.com/
The first product from the search for Nike Shoes isAcupressure Pain Relief Spring Massager Sleeper Size 9 Number (L Size) and its price is ₹319
The first product from the search for fasttrack watches isEglob Men Black Round Dial Leather Analog Casual Watch and its price is ₹379
The first product from the search for Apple Phones isApple iPhone 13, 128 GB and its price is ₹65510]]>
  </system-out>
</testsuite> <!-- test.TC002_SearchItem -->
